<?xml version="1.0" encoding="UTF-8"?>
<testsuite xmlns:xsi="http://www.w3.org/2001/XMLSchema-instance" xsi:noNamespaceSchemaLocation="https://maven.apache.org/surefire/maven-surefire-plugin/xsd/surefire-test-report.xsd" name="org.example.AppTest" time="0.03" tests="1" errors="0" skipped="0" failures="0">
  <properties>
    <property name="sun.desktop" value="windows"/>
    <property name="awt.toolkit" value="sun.awt.windows.WToolkit"/>
    <property name="file.encoding.pkg" value="sun.io"/>
    <property name="java.specification.version" value="1.8"/>
    <property name="sun.cpu.isalist" value="amd64"/>
    <property name="sun.jnu.encoding" value="GBK"/>
    <property name="java.class.path" value="D:\IdeaProjects\test01\target\test-classes;D:\IdeaProjects\test01\target\classes;E:\maven\repository\junit\junit\4.11\junit-4.11.jar;E:\maven\repository\org\hamcrest\hamcrest-core\1.3\hamcrest-core-1.3.jar;"/>
    <property name="java.vm.vendor" value="Oracle Corporation"/>
    <property name="sun.arch.data.model" value="64"/>
    <property name="user.variant" value=""/>
    <property name="java.vendor.url" value="http://java.oracle.com/"/>
    <property name="user.timezone" value="Asia/Shanghai"/>
    <property name="java.vm.specification.version" value="1.8"/>
    <property name="os.name" value="Windows 10"/>
    <property name="user.country" value="CN"/>
    <property name="sun.java.launcher" value="SUN_STANDARD"/>
    <property name="sun.boot.library.path" value="F:\t\apache-tomcat-8.5.45\jdk\jre\bin"/>
    <property name="sun.java.command" value="C:\Users\OPENIC~1\AppData\Local\Temp\surefire3938387001062263778\surefirebooter4983398229318532830.jar C:\Users\openice_03\AppData\Local\Temp\surefire3938387001062263778 2021-02-19T14-22-58_733-jvmRun1 surefire5030973037508621821tmp surefire_02918021008457189597tmp"/>
    <property name="surefire.test.class.path" value="D:\IdeaProjects\test01\target\test-classes;D:\IdeaProjects\test01\target\classes;E:\maven\repository\junit\junit\4.11\junit-4.11.jar;E:\maven\repository\org\hamcrest\hamcrest-core\1.3\hamcrest-core-1.3.jar;"/>
    <property name="sun.cpu.endian" value="little"/>
    <property name="user.home" value="C:\Users\openice_03"/>
    <property name="user.language" value="zh"/>
    <property name="java.specification.vendor" value="Oracle Corporation"/>
    <property name="java.home" value="F:\t\apache-tomcat-8.5.45\jdk\jre"/>
    <property name="basedir" value="D:\IdeaProjects\test01"/>
    <property name="file.separator" value="\"/>
    <property name="line.separator" value="&#10;"/>
    <property name="java.vm.specification.vendor" value="Oracle Corporation"/>
    <property name="java.specification.name" value="Java Platform API Specification"/>
    <property name="java.awt.graphicsenv" value="sun.awt.Win32GraphicsEnvironment"/>
    <property name="surefire.real.class.path" value="C:\Users\OPENIC~1\AppData\Local\Temp\surefire3938387001062263778\surefirebooter4983398229318532830.jar"/>
    <property name="sun.boot.class.path" value="F:\t\apache-tomcat-8.5.45\jdk\jre\lib\resources.jar;F:\t\apache-tomcat-8.5.45\jdk\jre\lib\rt.jar;F:\t\apache-tomcat-8.5.45\jdk\jre\lib\sunrsasign.jar;F:\t\apache-tomcat-8.5.45\jdk\jre\lib\jsse.jar;F:\t\apache-tomcat-8.5.45\jdk\jre\lib\jce.jar;F:\t\apache-tomcat-8.5.45\jdk\jre\lib\charsets.jar;F:\t\apache-tomcat-8.5.45\jdk\jre\lib\jfr.jar;F:\t\apache-tomcat-8.5.45\jdk\jre\classes"/>
    <property name="user.script" value=""/>
    <property name="sun.management.compiler" value="HotSpot 64-Bit Tiered Compilers"/>
    <property name="java.runtime.version" value="1.8.0_202-b08"/>
    <property name="user.name" value="openice_03"/>
    <property name="path.separator" value=";"/>
    <property name="os.version" value="10.0"/>
    <property name="java.endorsed.dirs" value="F:\t\apache-tomcat-8.5.45\jdk\jre\lib\endorsed"/>
    <property name="java.runtime.name" value="Java(TM) SE Runtime Environment"/>
    <property name="file.encoding" value="GBK"/>
    <property name="java.vm.name" value="Java HotSpot(TM) 64-Bit Server VM"/>
    <property name="localRepository" value="E:\maven\repository"/>
    <property name="java.vendor.url.bug" value="http://bugreport.sun.com/bugreport/"/>
    <property name="java.io.tmpdir" value="C:\Users\OPENIC~1\AppData\Local\Temp\"/>
    <property name="idea.version" value="2020.2.3"/>
    <property name="java.version" value="1.8.0_202"/>
    <property name="user.dir" value="D:\IdeaProjects\test01"/>
    <property name="os.arch" value="amd64"/>
    <property name="java.vm.specification.name" value="Java Virtual Machine Specification"/>
    <property name="java.awt.printerjob" value="sun.awt.windows.WPrinterJob"/>
    <property name="sun.os.patch.level" value=""/>
    <property name="java.library.path" value="F:\t\apache-tomcat-8.5.45\jdk\jre\bin;C:\WINDOWS\Sun\Java\bin;C:\WINDOWS\system32;C:\WINDOWS;D:\Program Files (x86)\NetSarang\Xlpd 6\;C:\ProgramData\Oracle\Java\javapath;C:\WINDOWS\system32;C:\WINDOWS;C:\WINDOWS\System32\Wbem;C:\WINDOWS\System32\WindowsPowerShell\v1.0\;F:\t\apache-tomcat-8.5.45\jdk\bin;F:\t\apache-tomcat-8.5.45\jdk\jre\bin;C:\Program Files (x86)\MySQL\MySQL Fabric 1.5 &amp; MySQL Utilities 1.5\;C:\Program Files (x86)\MySQL\MySQL Fabric 1.5 &amp; MySQL Utilities 1.5\Doctrine extensions for PHP\;D:\ProgramFiles\TortoiseSVN\bin;C:\WINDOWS\System32\OpenSSH\;D:\Program Files\nodejs;C:\Program Files\MySQL\MySQL Connector.C 6.1\bin;&quot;F:\t\apache-tomcat-8.5.45\lib;F:\t\apache-tomcat-8.5.45\bin&quot;;E:\Program Files (x86)\Microsoft SQL Server\100\Tools\Binn\;E:\Program Files\Microsoft SQL Server\100\Tools\Binn\;E:\Program Files\Microsoft SQL Server\100\DTS\Binn\;E:\Program Files (x86)\Microsoft SQL Server\100\Tools\Binn\VSShell\Common7\IDE\;E:\Program Files (x86)\Microsoft SQL Server\100\DTS\Binn\;C:\Program Files (x86)\Yozosoft\Yozo_Office\Lib\xuggler\bin;C:\Program Files\PuTTY\;D:\ProgramFiles\apache-maven-3.5.0\bin;C:\Users\openice_03\AppData\Local\Microsoft\WindowsApps;;F:\Programs\Fiddler;C:\Users\openice_03\AppData\Roaming\npm;%USERPROFILE%\AppData\Local\Microsoft\WindowsApps;."/>
    <property name="java.vm.info" value="mixed mode"/>
    <property name="java.vendor" value="Oracle Corporation"/>
    <property name="java.vm.version" value="25.202-b08"/>
    <property name="java.ext.dirs" value="F:\t\apache-tomcat-8.5.45\jdk\jre\lib\ext;C:\WINDOWS\Sun\Java\lib\ext"/>
    <property name="sun.io.unicode.encoding" value="UnicodeLittle"/>
    <property name="java.class.version" value="52.0"/>
  </properties>
  <testcase name="shouldAnswerWithTrue" classname="org.example.AppTest" time="0.002"/>
</testsuite>